[07/04/2011 14:25:29] /a 6
[07/04/2011 14:25:30] /a 6
[07/04/2011 14:25:30] /a 6
[07/04/2011 14:25:31] /a 6
[07/04/2011 14:25:32] /a 6
[07/04/2011 14:25:32] /a 6
[07/04/2011 14:25:33] /a 6
[07/04/2011 14:25:33] /a 6
[07/04/2011 14:25:33] /a 6
[07/04/2011 14:25:34] /a 6
[07/04/2011 14:25:34] /a 6
[07/04/2011 14:25:40] /a 6
[07/04/2011 14:25:51] /up
[07/04/2011 14:25:52] /t
[07/04/2011 15:45:15] /t
[07/04/2011 15:45:23] /up
[07/04/2011 15:47:08] /a
[07/04/2011 15:47:09] /a
[07/04/2011 15:47:25] /a 8
[07/04/2011 15:47:45] /t
[07/04/2011 15:48:09] /a 4
[18/04/2011 13:50:31] /addskill Noob,level,701
[18/04/2011 13:53:31] /save
[23/04/2011 23:37:13] /n coelho
[23/04/2011 23:37:15] /n coelho
[23/04/2011 23:37:17] /n coelho da pascoa
[23/04/2011 23:38:14] /n papai noel
[23/04/2011 23:38:23] /r
[23/04/2011 23:38:25] /r
[23/04/2011 23:40:35] /n coelho da pascoa
[23/04/2011 23:41:13] /r
[23/04/2011 23:55:11] /n coelho da pascoa
[23/04/2011 23:56:13] /i grande ovo de pascoa
[23/04/2011 23:56:23] /i grande ovo de pascoa
[23/04/2011 23:56:38] /i ovo de pascoa
[23/04/2011 23:56:43] /i ovo de pascoa
[23/04/2011 23:56:50] /i ovo de pascoa
[24/04/2011 00:00:10] /n coelho da pascoa
[24/04/2011 00:00:24] /i ovo de pascoa
[24/04/2011 00:01:05] /i amuleto do coelho
[24/04/2011 00:01:53] /m warlock
[24/04/2011 00:02:47] /i chapeu do coelho
[24/04/2011 00:02:56] /i chapeu do coelho
[24/04/2011 00:03:32] /i party hat
[24/04/2011 00:04:43] /i 6578
[24/04/2011 00:04:58] /i meat
